<?xml version="1.0" encoding="UTF-8"?>
<!-- Generated by org.testng.reporters.JUnitXMLReporter -->
<testsuite hostname="DESKTOP-BTEHN8R" ignored="0" name="接口测试" tests="1" failures="1" timestamp="2020-08-26T11:51:32 CST" time="1.087" errors="0">
  <testcase name="getOrgInfoByIdTest" time="0.991" classname="com.jadinec.cases.GetOrgInfoByIdTest">
    <failure type="org.apache.ibatis.exceptions.PersistenceException" message="
### Error querying database.  Cause: java.lang.IllegalArgumentException: Mapped Statements collection does not contain value for getorginfobyid
### Cause: java.lang.IllegalArgumentException: Mapped Statements collection does not contain value for getorginfobyid">
      <![CDATA[org.apache.ibatis.exceptions.PersistenceException: 
### Error querying database.  Cause: java.lang.IllegalArgumentException: Mapped Statements collection does not contain value for getorginfobyid
### Cause: java.lang.IllegalArgumentException: Mapped Statements collection does not contain value for getorginfobyid
at org.apache.ibatis.exceptions.ExceptionFactory.wrapException(ExceptionFactory.java:30)
at org.apache.ibatis.session.defaults.DefaultSqlSession.selectList(DefaultSqlSession.java:150)
at org.apache.ibatis.session.defaults.DefaultSqlSession.selectList(DefaultSqlSession.java:141)
at org.apache.ibatis.session.defaults.DefaultSqlSession.selectOne(DefaultSqlSession.java:77)
at com.jadinec.cases.GetOrgInfoByIdTest.getOrgInfoByIdTest(GetOrgInfoByIdTest.java:24)
at java.util.ArrayList.forEach(Unknown Source)
Caused by: java.lang.IllegalArgumentException: Mapped Statements collection does not contain value for getorginfobyid
at org.apache.ibatis.session.Configuration$StrictMap.get(Configuration.java:888)
at org.apache.ibatis.session.Configuration.getMappedStatement(Configuration.java:721)
at org.apache.ibatis.session.Configuration.getMappedStatement(Configuration.java:714)
at org.apache.ibatis.session.defaults.DefaultSqlSession.selectList(DefaultSqlSession.java:147)
... 31 more
... Removed 27 stack frames]]>
    </failure>
  </testcase> <!-- getOrgInfoByIdTest -->
</testsuite> <!-- 接口测试 -->
